[2018-09-06 12:30:24.172] [info] [settings]: {"clientPath":"C:\\Users\\detroitpro\\.akroma","syncMode":"fast","akromaNode":"http://localhost:8545","_id":"system","_rev":"9-c787d2878ad6446cb17c404c7eae6c56"}
[2018-09-06 12:30:24.173] [info] [clientPath]: C:\Users\detroitpro\.akroma
[2018-09-06 12:30:24.174] [info] [akromaNode]: http://localhost:8545
[2018-09-06 12:30:24.175] [info] [os]: win32
[2018-09-06 12:30:24.173] [info] [clientBin]: geth.exe
[2018-09-06 12:30:24.181] [info] [appPath]: C:\Users\detroitpro\projects\akroma-wallet-desktop
[2018-09-06 12:30:24.176] [info] [homedir]: C:\Users\detroitpro
[2018-09-06 12:30:24.183] [info] [userData]: C:\Users\detroitpro\AppData\Roaming\akroma
[2018-09-06 12:30:24.176] [info] [arch]: x64
[2018-09-06 12:30:24.195] [debug] [Downloading Akroma client...]
[2018-09-06 12:30:24.184] [info] [locale]: en-US
[2018-09-06 12:36:52.096] [info] [settings]: {"clientPath":"C:\\Users\\detroitpro\\.akroma","syncMode":"fast","transactionSource":"remote","_id":"system","_rev":"10-529a122e02ed479b907fbb541e82be81"}
[2018-09-06 12:36:52.099] [info] [clientPath]: C:\Users\detroitpro\.akroma
[2018-09-06 12:36:52.099] [info] [clientBin]: geth.exe
[2018-09-06 12:36:52.100] [info] [akromaNode]: undefined
[2018-09-06 12:36:52.102] [info] [homedir]: C:\Users\detroitpro
[2018-09-06 12:36:52.101] [info] [arch]: x64
[2018-09-06 12:36:52.108] [info] [appPath]: C:\Users\detroitpro\projects\akroma-wallet-desktop
[2018-09-06 12:36:52.110] [info] [userData]: C:\Users\detroitpro\AppData\Roaming\akroma
[2018-09-06 12:36:52.111] [info] [locale]: en-US
[2018-09-06 12:36:52.124] [debug] [Downloading Akroma client...]
[2018-09-06 12:36:52.101] [info] [os]: win32
[2018-09-06 13:32:49.239] [info] [settings]: {"clientPath":"C:\\Users\\detroitpro\\.akroma","syncMode":"fast","transactionSource":"remote","_id":"system","_rev":"11-97346cd3be564994b04f37cb1884a774"}
[2018-09-06 13:32:49.241] [info] [clientPath]: C:\Users\detroitpro\.akroma
[2018-09-06 13:32:49.242] [info] [clientBin]: geth.exe
[2018-09-06 13:32:49.243] [info] [os]: win32
[2018-09-06 13:32:49.242] [info] [transactionSource]: remote
[2018-09-06 13:32:49.244] [info] [homedir]: C:\Users\detroitpro
[2018-09-06 13:32:49.250] [info] [appPath]: C:\Users\detroitpro\projects\akroma-wallet-desktop
[2018-09-06 13:32:49.252] [info] [userData]: C:\Users\detroitpro\AppData\Roaming\akroma
[2018-09-06 13:32:49.254] [info] [locale]: en-US
[2018-09-06 13:32:49.264] [debug] [Downloading Akroma client...]
[2018-09-06 13:32:49.244] [info] [arch]: x64
[2018-09-06 13:37:34.859] [info] [settings]: {"clientPath":"C:\\Users\\detroitpro\\.akroma","syncMode":"fast","transactionSource":"remote","_id":"system","_rev":"11-97346cd3be564994b04f37cb1884a774"}
[2018-09-06 13:37:34.862] [info] [clientPath]: C:\Users\detroitpro\.akroma
[2018-09-06 13:37:34.863] [info] [transactionSource]: remote
[2018-09-06 13:37:34.863] [info] [clientBin]: geth.exe
[2018-09-06 13:37:34.865] [info] [arch]: x64
[2018-09-06 13:37:34.866] [info] [homedir]: C:\Users\detroitpro
[2018-09-06 13:37:34.864] [info] [os]: win32
[2018-09-06 13:37:34.874] [info] [userData]: C:\Users\detroitpro\AppData\Roaming\akroma
[2018-09-06 13:37:34.872] [info] [appPath]: C:\Users\detroitpro\projects\akroma-wallet-desktop
[2018-09-06 13:37:34.886] [debug] [Downloading Akroma client...]
[2018-09-06 13:37:34.875] [info] [locale]: en-US
[2018-09-06 13:39:05.442] [info] [settings]: {"clientPath":"C:\\Users\\detroitpro\\.akroma","syncMode":"fast","transactionSource":"remote","_id":"system","_rev":"11-97346cd3be564994b04f37cb1884a774"}
[2018-09-06 13:39:05.446] [info] [clientPath]: C:\Users\detroitpro\.akroma
[2018-09-06 13:39:05.447] [info] [clientBin]: geth.exe
[2018-09-06 13:39:05.448] [info] [os]: win32
[2018-09-06 13:39:05.447] [info] [transactionSource]: remote
[2018-09-06 13:39:05.450] [info] [homedir]: C:\Users\detroitpro
[2018-09-06 13:39:05.454] [info] [appPath]: C:\Users\detroitpro\projects\akroma-wallet-desktop
[2018-09-06 13:39:05.457] [info] [locale]: en-US
[2018-09-06 13:39:05.456] [info] [userData]: C:\Users\detroitpro\AppData\Roaming\akroma
[2018-09-06 13:39:05.449] [info] [arch]: x64
[2018-09-06 13:39:05.463] [debug] [Downloading Akroma client...]
[2018-09-06 13:40:26.819] [info] [settings]: {"clientPath":"C:\\Users\\detroitpro\\.akroma","syncMode":"fast","transactionSource":"remote","_id":"system","_rev":"11-97346cd3be564994b04f37cb1884a774"}
[2018-09-06 13:40:26.822] [info] [clientPath]: C:\Users\detroitpro\.akroma
[2018-09-06 13:40:26.823] [info] [clientBin]: geth.exe
[2018-09-06 13:40:26.825] [info] [os]: win32
[2018-09-06 13:40:26.824] [info] [transactionSource]: remote
[2018-09-06 13:40:26.826] [info] [arch]: x64
[2018-09-06 13:40:26.826] [info] [homedir]: C:\Users\detroitpro
[2018-09-06 13:40:26.831] [info] [appPath]: C:\Users\detroitpro\projects\akroma-wallet-desktop
[2018-09-06 13:40:26.834] [info] [userData]: C:\Users\detroitpro\AppData\Roaming\akroma
[2018-09-06 13:40:26.835] [info] [locale]: en-US
[2018-09-06 13:40:26.842] [debug] [Downloading Akroma client...]
[2018-09-06 13:42:05.901] [info] [settings]: {"clientPath":"C:\\Users\\detroitpro\\.akroma","syncMode":"fast","transactionSource":"remote","_id":"system","_rev":"11-97346cd3be564994b04f37cb1884a774"}
[2018-09-06 13:42:05.904] [info] [clientPath]: C:\Users\detroitpro\.akroma
[2018-09-06 13:42:05.905] [info] [clientBin]: geth.exe
[2018-09-06 13:42:05.905] [info] [transactionSource]: remote
[2018-09-06 13:42:05.906] [info] [os]: win32
[2018-09-06 13:42:05.907] [info] [arch]: x64
[2018-09-06 13:42:05.908] [info] [homedir]: C:\Users\detroitpro
[2018-09-06 13:42:05.911] [info] [appPath]: C:\Users\detroitpro\projects\akroma-wallet-desktop
[2018-09-06 13:42:05.913] [info] [userData]: C:\Users\detroitpro\AppData\Roaming\akroma
[2018-09-06 13:42:05.915] [info] [locale]: en-US
[2018-09-06 13:42:05.921] [debug] [Downloading Akroma client...]
[2018-09-06 13:47:22.845] [info] [settings]: {"clientPath":"C:\\Users\\detroitpro\\.akroma","syncMode":"fast","transactionSource":"remote","_id":"system","_rev":"11-97346cd3be564994b04f37cb1884a774"}
[2018-09-06 13:47:22.848] [info] [clientPath]: C:\Users\detroitpro\.akroma
[2018-09-06 13:47:22.849] [info] [clientBin]: geth.exe
[2018-09-06 13:47:22.851] [info] [os]: win32
[2018-09-06 13:47:22.850] [info] [transactionSource]: remote
[2018-09-06 13:47:22.856] [info] [appPath]: C:\Users\detroitpro\projects\akroma-wallet-desktop
[2018-09-06 13:47:22.852] [info] [homedir]: C:\Users\detroitpro
[2018-09-06 13:47:22.852] [info] [arch]: x64
[2018-09-06 13:47:22.860] [info] [locale]: en-US
[2018-09-06 13:47:22.859] [info] [userData]: C:\Users\detroitpro\AppData\Roaming\akroma
[2018-09-06 13:47:22.866] [debug] [Downloading Akroma client...]
[2018-09-06 14:37:41.455] [info] [settings]: {"clientPath":"C:\\Users\\detroitpro\\.akroma","syncMode":"fast","transactionSource":"remote","_id":"system","_rev":"11-97346cd3be564994b04f37cb1884a774"}
[2018-09-06 14:37:41.459] [info] [clientPath]: C:\Users\detroitpro\.akroma
[2018-09-06 14:37:41.460] [info] [clientBin]: geth.exe
[2018-09-06 14:37:41.461] [info] [transactionSource]: remote
[2018-09-06 14:37:41.462] [info] [os]: win32
[2018-09-06 14:37:41.462] [info] [arch]: x64
[2018-09-06 14:37:41.463] [info] [homedir]: C:\Users\detroitpro
[2018-09-06 14:37:41.467] [info] [appPath]: C:\Users\detroitpro\projects\akroma-wallet-desktop
[2018-09-06 14:37:41.469] [info] [userData]: C:\Users\detroitpro\AppData\Roaming\akroma
[2018-09-06 14:37:41.471] [info] [locale]: en-US
[2018-09-06 14:37:41.477] [debug] [Downloading Akroma client...]
[2018-09-06 14:38:40.262] [info] [settings]: {"clientPath":"C:\\Users\\detroitpro\\.akroma","syncMode":"fast","transactionSource":"remote","_id":"system","_rev":"11-97346cd3be564994b04f37cb1884a774"}
[2018-09-06 14:38:40.264] [info] [clientPath]: C:\Users\detroitpro\.akroma
[2018-09-06 14:38:40.266] [info] [transactionSource]: remote
[2018-09-06 14:38:40.265] [info] [clientBin]: geth.exe
[2018-09-06 14:38:40.267] [info] [arch]: x64
[2018-09-06 14:38:40.267] [info] [homedir]: C:\Users\detroitpro
[2018-09-06 14:38:40.273] [info] [appPath]: C:\Users\detroitpro\projects\akroma-wallet-desktop
[2018-09-06 14:38:40.275] [info] [userData]: C:\Users\detroitpro\AppData\Roaming\akroma
[2018-09-06 14:38:40.287] [debug] [Downloading Akroma client...]
[2018-09-06 14:38:40.266] [info] [os]: win32
[2018-09-06 14:38:40.276] [info] [locale]: en-US
[2018-09-06 14:40:37.112] [info] [settings]: {"clientPath":"C:\\Users\\detroitpro\\.akroma","syncMode":"fast","transactionSource":"remote","_id":"system","_rev":"11-97346cd3be564994b04f37cb1884a774"}
[2018-09-06 14:40:37.115] [info] [clientPath]: C:\Users\detroitpro\.akroma
[2018-09-06 14:40:37.116] [info] [transactionSource]: remote
[2018-09-06 14:40:37.115] [info] [clientBin]: geth.exe
[2018-09-06 14:40:37.118] [info] [homedir]: C:\Users\detroitpro
[2018-09-06 14:40:37.122] [info] [appPath]: C:\Users\detroitpro\projects\akroma-wallet-desktop
[2018-09-06 14:40:37.118] [info] [arch]: x64
[2018-09-06 14:40:37.125] [info] [locale]: en-US
[2018-09-06 14:40:37.124] [info] [userData]: C:\Users\detroitpro\AppData\Roaming\akroma
[2018-09-06 14:40:37.117] [info] [os]: win32
[2018-09-06 14:40:37.135] [debug] [Downloading Akroma client...]
[2018-09-06 14:44:18.466] [info] [settings]: {"clientPath":"C:\\Users\\detroitpro\\.akroma","syncMode":"fast","transactionSource":"remote","_id":"system","_rev":"11-97346cd3be564994b04f37cb1884a774"}
[2018-09-06 14:44:18.469] [info] [clientPath]: C:\Users\detroitpro\.akroma
[2018-09-06 14:44:18.470] [info] [transactionSource]: remote
[2018-09-06 14:44:18.470] [info] [clientBin]: geth.exe
[2018-09-06 14:44:18.471] [info] [os]: win32
[2018-09-06 14:44:18.472] [info] [arch]: x64
[2018-09-06 14:44:18.473] [info] [homedir]: C:\Users\detroitpro
[2018-09-06 14:44:18.478] [info] [appPath]: C:\Users\detroitpro\projects\akroma-wallet-desktop
[2018-09-06 14:44:18.480] [info] [userData]: C:\Users\detroitpro\AppData\Roaming\akroma
[2018-09-06 14:44:18.482] [info] [locale]: en-US
[2018-09-06 14:44:18.495] [debug] [Downloading Akroma client...]
[2018-09-06 14:45:33.723] [info] [settings]: {"clientPath":"C:\\Users\\detroitpro\\.akroma","syncMode":"fast","transactionSource":"remote","_id":"system","_rev":"11-97346cd3be564994b04f37cb1884a774"}
[2018-09-06 14:45:33.728] [info] [clientPath]: C:\Users\detroitpro\.akroma
[2018-09-06 14:45:33.730] [info] [clientBin]: geth.exe
[2018-09-06 14:45:33.731] [info] [transactionSource]: remote
[2018-09-06 14:45:33.734] [info] [homedir]: C:\Users\detroitpro
[2018-09-06 14:45:33.732] [info] [os]: win32
[2018-09-06 14:45:33.733] [info] [arch]: x64
[2018-09-06 14:45:33.740] [info] [appPath]: C:\Users\detroitpro\projects\akroma-wallet-desktop
[2018-09-06 14:45:33.743] [info] [userData]: C:\Users\detroitpro\AppData\Roaming\akroma
[2018-09-06 14:45:33.744] [info] [locale]: en-US
[2018-09-06 14:45:33.754] [debug] [Downloading Akroma client...]
[2018-09-06 14:46:52.004] [info] [settings]: {"clientPath":"C:\\Users\\detroitpro\\.akroma","syncMode":"fast","transactionSource":"remote","_id":"system","_rev":"11-97346cd3be564994b04f37cb1884a774"}
[2018-09-06 14:46:52.007] [info] [clientPath]: C:\Users\detroitpro\.akroma
[2018-09-06 14:46:52.009] [info] [transactionSource]: remote
[2018-09-06 14:46:52.008] [info] [clientBin]: geth.exe
[2018-09-06 14:46:52.011] [info] [homedir]: C:\Users\detroitpro
[2018-09-06 14:46:52.010] [info] [arch]: x64
[2018-09-06 14:46:52.016] [info] [appPath]: C:\Users\detroitpro\projects\akroma-wallet-desktop
[2018-09-06 14:46:52.020] [info] [locale]: en-US
[2018-09-06 14:46:52.018] [info] [userData]: C:\Users\detroitpro\AppData\Roaming\akroma
[2018-09-06 14:46:52.010] [info] [os]: win32
[2018-09-06 14:46:52.032] [debug] [Downloading Akroma client...]
[2018-09-06 14:49:05.535] [info] [settings]: {"clientPath":"C:\\Users\\detroitpro\\.akroma","syncMode":"fast","transactionSource":"remote","_id":"system","_rev":"11-97346cd3be564994b04f37cb1884a774"}
[2018-09-06 14:49:05.537] [info] [clientPath]: C:\Users\detroitpro\.akroma
[2018-09-06 14:49:05.539] [info] [os]: win32
[2018-09-06 14:49:05.538] [info] [clientBin]: geth.exe
[2018-09-06 14:49:05.540] [info] [homedir]: C:\Users\detroitpro
[2018-09-06 14:49:05.553] [info] [appPath]: C:\Users\detroitpro\projects\akroma-wallet-desktop
[2018-09-06 14:49:05.539] [info] [transactionSource]: remote
[2018-09-06 14:49:05.555] [info] [userData]: C:\Users\detroitpro\AppData\Roaming\akroma
[2018-09-06 14:49:05.561] [debug] [Downloading Akroma client...]
[2018-09-06 14:49:05.540] [info] [arch]: x64
[2018-09-06 14:49:05.556] [info] [locale]: en-US
[2018-09-06 14:49:53.058] [info] [settings]: {"clientPath":"C:\\Users\\detroitpro\\.akroma","syncMode":"fast","transactionSource":"remote","_id":"system","_rev":"11-97346cd3be564994b04f37cb1884a774"}
[2018-09-06 14:49:53.061] [info] [clientPath]: C:\Users\detroitpro\.akroma
[2018-09-06 14:49:53.061] [info] [clientBin]: geth.exe
[2018-09-06 14:49:53.062] [info] [transactionSource]: remote
[2018-09-06 14:49:53.063] [info] [arch]: x64
[2018-09-06 14:49:53.063] [info] [homedir]: C:\Users\detroitpro
[2018-09-06 14:49:53.062] [info] [os]: win32
[2018-09-06 14:49:53.067] [info] [appPath]: C:\Users\detroitpro\projects\akroma-wallet-desktop
[2018-09-06 14:49:53.070] [info] [locale]: en-US
[2018-09-06 14:49:53.069] [info] [userData]: C:\Users\detroitpro\AppData\Roaming\akroma
[2018-09-06 14:49:53.076] [debug] [Downloading Akroma client...]
[2018-09-06 14:52:33.013] [info] [settings]: {"clientPath":"C:\\Users\\detroitpro\\.akroma","syncMode":"fast","transactionSource":"remote","_id":"system","_rev":"11-97346cd3be564994b04f37cb1884a774"}
[2018-09-06 14:52:33.016] [info] [clientPath]: C:\Users\detroitpro\.akroma
[2018-09-06 14:52:33.018] [info] [os]: win32
[2018-09-06 14:52:33.017] [info] [clientBin]: geth.exe
[2018-09-06 14:52:33.019] [info] [homedir]: C:\Users\detroitpro
[2018-09-06 14:52:33.023] [info] [appPath]: C:\Users\detroitpro\projects\akroma-wallet-desktop
[2018-09-06 14:52:33.018] [info] [arch]: x64
[2018-09-06 14:52:33.017] [info] [transactionSource]: remote
[2018-09-06 14:52:33.034] [debug] [Downloading Akroma client...]
[2018-09-06 14:52:33.026] [info] [userData]: C:\Users\detroitpro\AppData\Roaming\akroma
[2018-09-06 14:52:33.027] [info] [locale]: en-US
[2018-09-06 14:56:40.167] [info] [clientPath]: C:\Users\detroitpro\.akroma
[2018-09-06 14:56:40.168] [info] [clientBin]: geth.exe
[2018-09-06 14:56:40.169] [info] [transactionSource]: local
[2018-09-06 14:56:40.170] [info] [os]: win32
[2018-09-06 14:56:40.164] [info] [settings]: {"clientPath":"C:\\Users\\detroitpro\\.akroma","syncMode":"fast","transactionSource":"local","_id":"system","_rev":"12-3a3f499675af4722a1d85a14d55a1b3a"}
[2018-09-06 14:56:40.171] [info] [homedir]: C:\Users\detroitpro
[2018-09-06 14:56:40.170] [info] [arch]: x64
[2018-09-06 14:56:40.176] [info] [appPath]: C:\Users\detroitpro\projects\akroma-wallet-desktop
[2018-09-06 14:56:40.179] [info] [userData]: C:\Users\detroitpro\AppData\Roaming\akroma
[2018-09-06 14:56:40.181] [info] [locale]: en-US
[2018-09-06 14:56:40.187] [debug] [Downloading Akroma client...]
[2018-09-06 14:59:01.570] [info] [settings]: {"clientPath":"C:\\Users\\detroitpro\\.akroma","syncMode":"fast","transactionSource":"local","_id":"system","_rev":"12-3a3f499675af4722a1d85a14d55a1b3a"}
[2018-09-06 14:59:01.572] [info] [clientPath]: C:\Users\detroitpro\.akroma
[2018-09-06 14:59:01.574] [info] [transactionSource]: local
[2018-09-06 14:59:01.573] [info] [clientBin]: geth.exe
[2018-09-06 14:59:01.577] [info] [homedir]: C:\Users\detroitpro
[2018-09-06 14:59:01.581] [info] [appPath]: C:\Users\detroitpro\projects\akroma-wallet-desktop
[2018-09-06 14:59:01.583] [info] [userData]: C:\Users\detroitpro\AppData\Roaming\akroma
[2018-09-06 14:59:01.585] [info] [locale]: en-US
[2018-09-06 14:59:01.591] [debug] [Downloading Akroma client...]
[2018-09-06 14:59:01.576] [info] [arch]: x64
[2018-09-06 14:59:01.575] [info] [os]: win32
[2018-09-06 15:01:18.128] [info] [settings]: {"clientPath":"C:\\Users\\detroitpro\\.akroma","syncMode":"fast","transactionSource":"local","_id":"system","_rev":"12-3a3f499675af4722a1d85a14d55a1b3a"}
[2018-09-06 15:01:18.133] [info] [clientPath]: C:\Users\detroitpro\.akroma
[2018-09-06 15:01:18.134] [info] [clientBin]: geth.exe
[2018-09-06 15:01:18.135] [info] [transactionSource]: local
[2018-09-06 15:01:18.137] [info] [os]: win32
[2018-09-06 15:01:18.138] [info] [arch]: x64
[2018-09-06 15:01:18.141] [info] [homedir]: C:\Users\detroitpro
[2018-09-06 15:01:18.160] [info] [appPath]: C:\Users\detroitpro\projects\akroma-wallet-desktop
[2018-09-06 15:01:18.163] [info] [userData]: C:\Users\detroitpro\AppData\Roaming\akroma
[2018-09-06 15:01:18.166] [info] [locale]: en-US
[2018-09-06 15:01:18.173] [debug] [Downloading Akroma client...]
[2018-09-06 15:02:29.307] [info] [settings]: {"clientPath":"C:\\Users\\detroitpro\\.akroma","syncMode":"fast","transactionSource":"remote","_id":"system","_rev":"13-a5fecb1fd29d49f293fbbbc24907b8ef"}
[2018-09-06 15:02:29.311] [info] [clientBin]: geth.exe
[2018-09-06 15:02:29.311] [info] [transactionSource]: remote
[2018-09-06 15:02:29.312] [info] [os]: win32
[2018-09-06 15:02:29.310] [info] [clientPath]: C:\Users\detroitpro\.akroma
[2018-09-06 15:02:29.317] [info] [appPath]: C:\Users\detroitpro\projects\akroma-wallet-desktop
[2018-09-06 15:02:29.320] [info] [userData]: C:\Users\detroitpro\AppData\Roaming\akroma
[2018-09-06 15:02:29.313] [info] [arch]: x64
[2018-09-06 15:02:29.313] [info] [homedir]: C:\Users\detroitpro
[2018-09-06 15:02:29.327] [debug] [Downloading Akroma client...]
[2018-09-06 15:02:29.321] [info] [locale]: en-US
[2018-09-06 15:02:58.824] [info] [settings]: {"clientPath":"C:\\Users\\detroitpro\\.akroma","syncMode":"fast","transactionSource":"remote","_id":"system","_rev":"13-a5fecb1fd29d49f293fbbbc24907b8ef"}
[2018-09-06 15:02:58.828] [info] [clientPath]: C:\Users\detroitpro\.akroma
[2018-09-06 15:02:58.831] [info] [transactionSource]: remote
[2018-09-06 15:02:58.830] [info] [clientBin]: geth.exe
[2018-09-06 15:02:58.832] [info] [os]: win32
[2018-09-06 15:02:58.834] [info] [homedir]: C:\Users\detroitpro
[2018-09-06 15:02:58.840] [info] [appPath]: C:\Users\detroitpro\projects\akroma-wallet-desktop
[2018-09-06 15:02:58.845] [info] [locale]: en-US
[2018-09-06 15:02:58.843] [info] [userData]: C:\Users\detroitpro\AppData\Roaming\akroma
[2018-09-06 15:02:58.853] [debug] [Downloading Akroma client...]
[2018-09-06 15:02:58.833] [info] [arch]: x64
[2018-09-06 15:03:20.381] [info] [settings]: {"clientPath":"C:\\Users\\detroitpro\\.akroma","syncMode":"fast","transactionSource":"remote","_id":"system","_rev":"13-a5fecb1fd29d49f293fbbbc24907b8ef"}
[2018-09-06 15:03:20.385] [info] [clientPath]: C:\Users\detroitpro\.akroma
[2018-09-06 15:03:20.386] [info] [transactionSource]: remote
[2018-09-06 15:03:20.387] [info] [os]: win32
[2018-09-06 15:03:20.388] [info] [arch]: x64
[2018-09-06 15:03:20.385] [info] [clientBin]: geth.exe
[2018-09-06 15:03:20.388] [info] [homedir]: C:\Users\detroitpro
[2018-09-06 15:03:20.392] [info] [appPath]: C:\Users\detroitpro\projects\akroma-wallet-desktop
[2018-09-06 15:03:20.395] [info] [locale]: en-US
[2018-09-06 15:03:20.401] [debug] [Downloading Akroma client...]
[2018-09-06 15:03:20.394] [info] [userData]: C:\Users\detroitpro\AppData\Roaming\akroma
[2018-09-06 15:03:45.832] [info] [settings]: {"clientPath":"C:\\Users\\detroitpro\\.akroma","syncMode":"fast","transactionSource":"remote","_id":"system","_rev":"13-a5fecb1fd29d49f293fbbbc24907b8ef"}
[2018-09-06 15:03:45.834] [info] [clientPath]: C:\Users\detroitpro\.akroma
[2018-09-06 15:03:45.835] [info] [clientBin]: geth.exe
[2018-09-06 15:03:45.836] [info] [os]: win32
[2018-09-06 15:03:45.836] [info] [transactionSource]: remote
[2018-09-06 15:03:45.842] [info] [appPath]: C:\Users\detroitpro\projects\akroma-wallet-desktop
[2018-09-06 15:03:45.838] [info] [homedir]: C:\Users\detroitpro
[2018-09-06 15:03:45.845] [info] [userData]: C:\Users\detroitpro\AppData\Roaming\akroma
[2018-09-06 15:03:45.859] [debug] [Downloading Akroma client...]
[2018-09-06 15:03:45.837] [info] [arch]: x64
[2018-09-06 15:03:45.847] [info] [locale]: en-US
[2018-09-06 15:04:19.260] [info] [settings]: {"clientPath":"C:\\Users\\detroitpro\\.akroma","syncMode":"fast","transactionSource":"remote","_id":"system","_rev":"13-a5fecb1fd29d49f293fbbbc24907b8ef"}
[2018-09-06 15:04:19.262] [info] [clientPath]: C:\Users\detroitpro\.akroma
[2018-09-06 15:04:19.263] [info] [clientBin]: geth.exe
[2018-09-06 15:04:19.265] [info] [arch]: x64
[2018-09-06 15:04:19.264] [info] [os]: win32
[2018-09-06 15:04:19.264] [info] [transactionSource]: remote
[2018-09-06 15:04:19.272] [info] [userData]: C:\Users\detroitpro\AppData\Roaming\akroma
[2018-09-06 15:04:19.270] [info] [appPath]: C:\Users\detroitpro\projects\akroma-wallet-desktop
[2018-09-06 15:04:19.265] [info] [homedir]: C:\Users\detroitpro
[2018-09-06 15:04:19.284] [debug] [Downloading Akroma client...]
[2018-09-06 15:04:19.273] [info] [locale]: en-US
[2018-09-06 15:04:56.991] [info] [settings]: {"clientPath":"C:\\Users\\detroitpro\\.akroma","syncMode":"fast","transactionSource":"remote","_id":"system","_rev":"13-a5fecb1fd29d49f293fbbbc24907b8ef"}
[2018-09-06 15:04:56.995] [info] [clientPath]: C:\Users\detroitpro\.akroma
[2018-09-06 15:04:56.996] [info] [clientBin]: geth.exe
[2018-09-06 15:04:56.996] [info] [transactionSource]: remote
[2018-09-06 15:04:56.999] [info] [homedir]: C:\Users\detroitpro
[2018-09-06 15:04:56.998] [info] [arch]: x64
[2018-09-06 15:04:57.004] [info] [appPath]: C:\Users\detroitpro\projects\akroma-wallet-desktop
[2018-09-06 15:04:57.007] [info] [locale]: en-US
[2018-09-06 15:04:57.020] [debug] [Downloading Akroma client...]
[2018-09-06 15:04:57.005] [info] [userData]: C:\Users\detroitpro\AppData\Roaming\akroma
[2018-09-06 15:04:56.997] [info] [os]: win32
[2018-09-06 15:05:14.597] [info] [settings]: {"clientPath":"C:\\Users\\detroitpro\\.akroma","syncMode":"fast","transactionSource":"remote","_id":"system","_rev":"13-a5fecb1fd29d49f293fbbbc24907b8ef"}
[2018-09-06 15:05:14.600] [info] [clientPath]: C:\Users\detroitpro\.akroma
[2018-09-06 15:05:14.602] [info] [transactionSource]: remote
[2018-09-06 15:05:14.601] [info] [clientBin]: geth.exe
[2018-09-06 15:05:14.612] [info] [homedir]: C:\Users\detroitpro
[2018-09-06 15:05:14.610] [info] [os]: win32
[2018-09-06 15:05:14.616] [info] [appPath]: C:\Users\detroitpro\projects\akroma-wallet-desktop
[2018-09-06 15:05:14.619] [info] [locale]: en-US
[2018-09-06 15:05:14.618] [info] [userData]: C:\Users\detroitpro\AppData\Roaming\akroma
[2018-09-06 15:05:14.630] [debug] [Downloading Akroma client...]
[2018-09-06 15:05:14.611] [info] [arch]: x64
[2018-09-06 15:06:03.607] [info] [settings]: {"clientPath":"C:\\Users\\detroitpro\\.akroma","syncMode":"fast","transactionSource":"remote","_id":"system","_rev":"13-a5fecb1fd29d49f293fbbbc24907b8ef"}
[2018-09-06 15:06:03.610] [info] [clientPath]: C:\Users\detroitpro\.akroma
[2018-09-06 15:06:03.611] [info] [clientBin]: geth.exe
[2018-09-06 15:06:03.611] [info] [transactionSource]: remote
[2018-09-06 15:06:03.612] [info] [os]: win32
[2018-09-06 15:06:03.613] [info] [homedir]: C:\Users\detroitpro
[2018-09-06 15:06:03.618] [info] [appPath]: C:\Users\detroitpro\projects\akroma-wallet-desktop
[2018-09-06 15:06:03.620] [info] [userData]: C:\Users\detroitpro\AppData\Roaming\akroma
[2018-09-06 15:06:03.632] [debug] [Downloading Akroma client...]
[2018-09-06 15:06:03.613] [info] [arch]: x64
[2018-09-06 15:06:03.621] [info] [locale]: en-US
[2018-09-06 15:11:42.356] [info] [settings]: {"clientPath":"C:\\Users\\detroitpro\\.akroma","syncMode":"fast","transactionSource":"local","_id":"system","_rev":"14-72de2a4dc37b4e94a50fb1496c9c6dbe"}
[2018-09-06 15:11:42.359] [info] [clientPath]: C:\Users\detroitpro\.akroma
[2018-09-06 15:11:42.359] [info] [clientBin]: geth.exe
[2018-09-06 15:11:42.361] [info] [os]: win32
[2018-09-06 15:11:42.360] [info] [transactionSource]: local
[2018-09-06 15:11:42.362] [info] [homedir]: C:\Users\detroitpro
[2018-09-06 15:11:42.366] [info] [appPath]: C:\Users\detroitpro\projects\akroma-wallet-desktop
[2018-09-06 15:11:42.362] [info] [arch]: x64
[2018-09-06 15:11:42.368] [info] [userData]: C:\Users\detroitpro\AppData\Roaming\akroma
[2018-09-06 15:11:42.369] [info] [locale]: en-US
[2018-09-06 15:11:42.380] [debug] [Downloading Akroma client...]
[2018-09-06 15:47:05.136] [info] [settings]: {"clientPath":"C:\\Users\\detroitpro\\.akroma","syncMode":"fast","transactionSource":"remote","_id":"system","_rev":"15-a7b7f3e3f4ad414bad0e2a2171529baf"}
[2018-09-06 15:47:05.148] [info] [transactionSource]: remote
[2018-09-06 15:47:05.147] [info] [clientPath]: C:\Users\detroitpro\.akroma
[2018-09-06 15:47:05.149] [info] [os]: win32
[2018-09-06 15:47:05.149] [info] [arch]: x64
[2018-09-06 15:47:05.147] [info] [clientBin]: geth.exe
[2018-09-06 15:47:05.156] [info] [userData]: C:\Users\detroitpro\AppData\Roaming\akroma
[2018-09-06 15:47:05.150] [info] [homedir]: C:\Users\detroitpro
[2018-09-06 15:47:05.154] [info] [appPath]: C:\Users\detroitpro\projects\akroma-wallet-desktop
[2018-09-06 15:47:05.157] [info] [locale]: en-US
[2018-09-06 15:47:05.167] [debug] [Downloading Akroma client...]
[2018-09-06 15:48:13.936] [info] [settings]: {"clientPath":"C:\\Users\\detroitpro\\.akroma","syncMode":"fast","transactionSource":"remote","_id":"system","_rev":"15-a7b7f3e3f4ad414bad0e2a2171529baf"}
[2018-09-06 15:48:13.940] [info] [clientPath]: C:\Users\detroitpro\.akroma
[2018-09-06 15:48:13.941] [info] [clientBin]: geth.exe
[2018-09-06 15:48:13.941] [info] [transactionSource]: remote
[2018-09-06 15:48:13.942] [info] [os]: win32
[2018-09-06 15:48:13.943] [info] [arch]: x64
[2018-09-06 15:48:13.944] [info] [homedir]: C:\Users\detroitpro
[2018-09-06 15:48:13.949] [info] [appPath]: C:\Users\detroitpro\projects\akroma-wallet-desktop
[2018-09-06 15:48:13.952] [info] [userData]: C:\Users\detroitpro\AppData\Roaming\akroma
[2018-09-06 15:48:13.954] [info] [locale]: en-US
[2018-09-06 15:48:13.966] [debug] [Downloading Akroma client...]
[2018-09-06 15:50:34.083] [info] [settings]: {"clientPath":"C:\\Users\\detroitpro\\.akroma","syncMode":"fast","transactionSource":"local","_id":"system","_rev":"16-de169320437345819f5b06894960c7f3"}
[2018-09-06 15:50:34.085] [info] [clientPath]: C:\Users\detroitpro\.akroma
[2018-09-06 15:50:34.086] [info] [transactionSource]: local
[2018-09-06 15:50:34.086] [info] [clientBin]: geth.exe
[2018-09-06 15:50:34.088] [info] [homedir]: C:\Users\detroitpro
[2018-09-06 15:50:34.092] [info] [appPath]: C:\Users\detroitpro\projects\akroma-wallet-desktop
[2018-09-06 15:50:34.088] [info] [arch]: x64
[2018-09-06 15:50:34.094] [info] [userData]: C:\Users\detroitpro\AppData\Roaming\akroma
[2018-09-06 15:50:34.087] [info] [os]: win32
[2018-09-06 15:50:34.095] [info] [locale]: en-US
[2018-09-06 15:50:34.101] [debug] [Downloading Akroma client...]
[2018-09-06 15:51:21.722] [info] [settings]: {"clientPath":"C:\\Users\\detroitpro\\.akroma","syncMode":"fast","transactionSource":"remote","_id":"system","_rev":"17-28ca664ee6094c9492194ba92c780487"}
[2018-09-06 15:51:21.725] [info] [clientPath]: C:\Users\detroitpro\.akroma
[2018-09-06 15:51:21.726] [info] [transactionSource]: remote
[2018-09-06 15:51:21.726] [info] [clientBin]: geth.exe
[2018-09-06 15:51:21.728] [info] [homedir]: C:\Users\detroitpro
[2018-09-06 15:51:21.727] [info] [os]: win32
[2018-09-06 15:51:21.732] [info] [appPath]: C:\Users\detroitpro\projects\akroma-wallet-desktop
[2018-09-06 15:51:21.735] [info] [locale]: en-US
[2018-09-06 15:51:21.734] [info] [userData]: C:\Users\detroitpro\AppData\Roaming\akroma
[2018-09-06 15:51:21.728] [info] [arch]: x64
[2018-09-06 15:51:21.747] [debug] [Downloading Akroma client...]
[2018-09-06 15:58:45.737] [info] [settings]: {"clientPath":"C:\\Users\\detroitpro\\.akroma","syncMode":"fast","transactionSource":"remote","_id":"system","_rev":"17-28ca664ee6094c9492194ba92c780487"}
[2018-09-06 15:58:45.741] [info] [transactionSource]: remote
[2018-09-06 15:58:45.740] [info] [clientPath]: C:\Users\detroitpro\.akroma
[2018-09-06 15:58:45.742] [info] [os]: win32
[2018-09-06 15:58:45.741] [info] [clientBin]: geth.exe
[2018-09-06 15:58:45.743] [info] [homedir]: C:\Users\detroitpro
[2018-09-06 15:58:45.747] [info] [appPath]: C:\Users\detroitpro\projects\akroma-wallet-desktop
[2018-09-06 15:58:45.743] [info] [arch]: x64
[2018-09-06 15:58:45.761] [debug] [Downloading Akroma client...]
[2018-09-06 15:58:45.749] [info] [userData]: C:\Users\detroitpro\AppData\Roaming\akroma
[2018-09-06 15:58:45.751] [info] [locale]: en-US
[2018-09-06 16:07:54.765] [info] [settings]: {"clientPath":"C:\\Users\\detroitpro\\.akroma","syncMode":"fast","transactionSource":"remote","_id":"system","_rev":"17-28ca664ee6094c9492194ba92c780487"}
[2018-09-06 16:07:54.768] [info] [clientPath]: C:\Users\detroitpro\.akroma
[2018-09-06 16:07:54.769] [info] [transactionSource]: remote
[2018-09-06 16:07:54.768] [info] [clientBin]: geth.exe
[2018-09-06 16:07:54.770] [info] [arch]: x64
[2018-09-06 16:07:54.769] [info] [os]: win32
[2018-09-06 16:07:54.770] [info] [homedir]: C:\Users\detroitpro
[2018-09-06 16:07:54.786] [info] [userData]: C:\Users\detroitpro\AppData\Roaming\akroma
[2018-09-06 16:07:54.784] [info] [appPath]: C:\Users\detroitpro\projects\akroma-wallet-desktop
[2018-09-06 16:07:54.788] [info] [locale]: en-US
[2018-09-06 16:07:54.802] [debug] [Downloading Akroma client...]
[2018-09-06 16:08:50.252] [info] [settings]: {"clientPath":"C:\\Users\\detroitpro\\.akroma","syncMode":"fast","transactionSource":"local","_id":"system","_rev":"18-03555e02f85143e692a2ec2b8dea202c"}
[2018-09-06 16:08:50.256] [info] [clientBin]: geth.exe
[2018-09-06 16:08:50.257] [info] [transactionSource]: local
[2018-09-06 16:08:50.255] [info] [clientPath]: C:\Users\detroitpro\.akroma
[2018-09-06 16:08:50.260] [info] [homedir]: C:\Users\detroitpro
[2018-09-06 16:08:50.259] [info] [arch]: x64
[2018-09-06 16:08:50.264] [info] [appPath]: C:\Users\detroitpro\projects\akroma-wallet-desktop
[2018-09-06 16:08:50.268] [info] [locale]: en-US
[2018-09-06 16:08:50.266] [info] [userData]: C:\Users\detroitpro\AppData\Roaming\akroma
[2018-09-06 16:08:50.274] [debug] [Downloading Akroma client...]
[2018-09-06 16:08:50.258] [info] [os]: win32
[2018-09-06 16:10:00.790] [info] [settings]: {"clientPath":"C:\\Users\\detroitpro\\.akroma","syncMode":"fast","transactionSource":"local","_id":"system","_rev":"18-03555e02f85143e692a2ec2b8dea202c"}
[2018-09-06 16:10:00.793] [info] [clientPath]: C:\Users\detroitpro\.akroma
[2018-09-06 16:10:00.794] [info] [clientBin]: geth.exe
[2018-09-06 16:10:00.795] [info] [transactionSource]: local
[2018-09-06 16:10:00.798] [info] [arch]: x64
[2018-09-06 16:10:00.797] [info] [os]: win32
[2018-09-06 16:10:00.798] [info] [homedir]: C:\Users\detroitpro
[2018-09-06 16:10:00.802] [info] [appPath]: C:\Users\detroitpro\projects\akroma-wallet-desktop
[2018-09-06 16:10:00.805] [info] [locale]: en-US
[2018-09-06 16:10:00.804] [info] [userData]: C:\Users\detroitpro\AppData\Roaming\akroma
[2018-09-06 16:10:00.811] [debug] [Downloading Akroma client...]
[2018-09-06 16:14:04.808] [info] [settings]: {"clientPath":"C:\\Users\\detroitpro\\.akroma","syncMode":"fast","transactionSource":"local","_id":"system","_rev":"18-03555e02f85143e692a2ec2b8dea202c"}
[2018-09-06 16:14:04.810] [info] [clientPath]: C:\Users\detroitpro\.akroma
[2018-09-06 16:14:04.810] [info] [clientBin]: geth.exe
[2018-09-06 16:14:04.811] [info] [transactionSource]: local
[2018-09-06 16:14:04.813] [info] [arch]: x64
[2018-09-06 16:14:04.813] [info] [homedir]: C:\Users\detroitpro
[2018-09-06 16:14:04.817] [info] [appPath]: C:\Users\detroitpro\projects\akroma-wallet-desktop
[2018-09-06 16:14:04.819] [info] [userData]: C:\Users\detroitpro\AppData\Roaming\akroma
[2018-09-06 16:14:04.820] [info] [locale]: en-US
[2018-09-06 16:14:04.825] [debug] [Downloading Akroma client...]
[2018-09-06 16:14:04.812] [info] [os]: win32
[2018-09-06 16:17:58.652] [info] [settings]: {"clientPath":"C:\\Users\\detroitpro\\.akroma","syncMode":"fast","transactionSource":"local","_id":"system","_rev":"18-03555e02f85143e692a2ec2b8dea202c"}
[2018-09-06 16:17:58.654] [info] [clientPath]: C:\Users\detroitpro\.akroma
[2018-09-06 16:17:58.655] [info] [clientBin]: geth.exe
[2018-09-06 16:17:58.656] [info] [transactionSource]: local
[2018-09-06 16:17:58.658] [info] [homedir]: C:\Users\detroitpro
[2018-09-06 16:17:58.662] [info] [appPath]: C:\Users\detroitpro\projects\akroma-wallet-desktop
[2018-09-06 16:17:58.657] [info] [arch]: x64
[2018-09-06 16:17:58.656] [info] [os]: win32
[2018-09-06 16:17:58.664] [info] [userData]: C:\Users\detroitpro\AppData\Roaming\akroma
[2018-09-06 16:17:58.665] [info] [locale]: en-US
[2018-09-06 16:17:58.672] [debug] [Downloading Akroma client...]
[2018-09-06 16:19:44.752] [info] [settings]: {"clientPath":"C:\\Users\\detroitpro\\.akroma","syncMode":"fast","transactionSource":"local","_id":"system","_rev":"18-03555e02f85143e692a2ec2b8dea202c"}
[2018-09-06 16:19:44.754] [info] [clientPath]: C:\Users\detroitpro\.akroma
[2018-09-06 16:19:44.755] [info] [clientBin]: geth.exe
[2018-09-06 16:19:44.756] [info] [os]: win32
[2018-09-06 16:19:44.755] [info] [transactionSource]: local
[2018-09-06 16:19:44.757] [info] [homedir]: C:\Users\detroitpro
[2018-09-06 16:19:44.761] [info] [appPath]: C:\Users\detroitpro\projects\akroma-wallet-desktop
[2018-09-06 16:19:44.764] [info] [locale]: en-US
[2018-09-06 16:19:44.763] [info] [userData]: C:\Users\detroitpro\AppData\Roaming\akroma
[2018-09-06 16:19:44.757] [info] [arch]: x64
[2018-09-06 16:19:44.774] [debug] [Downloading Akroma client...]
[2018-09-06 16:19:57.687] [info] [settings]: {"clientPath":"C:\\Users\\detroitpro\\.akroma","syncMode":"fast","transactionSource":"local","_id":"system","_rev":"18-03555e02f85143e692a2ec2b8dea202c"}
[2018-09-06 16:19:57.691] [info] [clientBin]: geth.exe
[2018-09-06 16:19:57.690] [info] [clientPath]: C:\Users\detroitpro\.akroma
[2018-09-06 16:19:57.693] [info] [arch]: x64
[2018-09-06 16:19:57.692] [info] [transactionSource]: local
[2018-09-06 16:19:57.694] [info] [homedir]: C:\Users\detroitpro
[2018-09-06 16:19:57.706] [info] [appPath]: C:\Users\detroitpro\projects\akroma-wallet-desktop
[2018-09-06 16:19:57.692] [info] [os]: win32
[2018-09-06 16:19:57.708] [info] [userData]: C:\Users\detroitpro\AppData\Roaming\akroma
[2018-09-06 16:19:57.709] [info] [locale]: en-US
[2018-09-06 16:19:57.719] [debug] [Downloading Akroma client...]
[2018-09-06 16:20:12.936] [info] [settings]: {"clientPath":"C:\\Users\\detroitpro\\.akroma","syncMode":"fast","transactionSource":"local","_id":"system","_rev":"18-03555e02f85143e692a2ec2b8dea202c"}
[2018-09-06 16:20:12.939] [info] [clientPath]: C:\Users\detroitpro\.akroma
[2018-09-06 16:20:12.941] [info] [transactionSource]: local
[2018-09-06 16:20:12.940] [info] [clientBin]: geth.exe
[2018-09-06 16:20:12.941] [info] [os]: win32
[2018-09-06 16:20:12.943] [info] [homedir]: C:\Users\detroitpro
[2018-09-06 16:20:12.948] [info] [appPath]: C:\Users\detroitpro\projects\akroma-wallet-desktop
[2018-09-06 16:20:12.951] [info] [userData]: C:\Users\detroitpro\AppData\Roaming\akroma
[2018-09-06 16:20:12.953] [info] [locale]: en-US
[2018-09-06 16:20:12.965] [debug] [Downloading Akroma client...]
[2018-09-06 16:20:12.942] [info] [arch]: x64
[2018-09-06 16:20:42.965] [info] [settings]: {"clientPath":"C:\\Users\\detroitpro\\.akroma","syncMode":"fast","transactionSource":"local","_id":"system","_rev":"18-03555e02f85143e692a2ec2b8dea202c"}
[2018-09-06 16:20:42.967] [info] [clientPath]: C:\Users\detroitpro\.akroma
[2018-09-06 16:20:42.968] [info] [transactionSource]: local
[2018-09-06 16:20:42.969] [info] [os]: win32
[2018-09-06 16:20:42.968] [info] [clientBin]: geth.exe
[2018-09-06 16:20:42.970] [info] [homedir]: C:\Users\detroitpro
[2018-09-06 16:20:42.975] [info] [appPath]: C:\Users\detroitpro\projects\akroma-wallet-desktop
[2018-09-06 16:20:42.979] [info] [locale]: en-US
[2018-09-06 16:20:42.977] [info] [userData]: C:\Users\detroitpro\AppData\Roaming\akroma
[2018-09-06 16:20:42.969] [info] [arch]: x64
[2018-09-06 16:20:42.989] [debug] [Downloading Akroma client...]
[2018-09-06 16:25:19.951] [info] [settings]: {"clientPath":"C:\\Users\\detroitpro\\.akroma","syncMode":"fast","transactionSource":"local","_id":"system","_rev":"18-03555e02f85143e692a2ec2b8dea202c"}
[2018-09-06 16:25:19.953] [info] [clientPath]: C:\Users\detroitpro\.akroma
[2018-09-06 16:25:19.954] [info] [transactionSource]: local
[2018-09-06 16:25:19.955] [info] [os]: win32
[2018-09-06 16:25:19.954] [info] [clientBin]: geth.exe
[2018-09-06 16:25:19.956] [info] [homedir]: C:\Users\detroitpro
[2018-09-06 16:25:19.961] [info] [appPath]: C:\Users\detroitpro\projects\akroma-wallet-desktop
[2018-09-06 16:25:19.963] [info] [userData]: C:\Users\detroitpro\AppData\Roaming\akroma
[2018-09-06 16:25:19.956] [info] [arch]: x64
[2018-09-06 16:25:19.964] [info] [locale]: en-US
[2018-09-06 16:25:19.975] [debug] [Downloading Akroma client...]
[2018-09-07 09:27:50.092] [info] [settings]: {"clientPath":"C:\\Users\\detroitpro\\.akroma","syncMode":"fast","transactionSource":"local","_id":"system","_rev":"18-03555e02f85143e692a2ec2b8dea202c"}
[2018-09-07 09:27:50.096] [info] [clientBin]: geth.exe
[2018-09-07 09:27:50.096] [info] [transactionSource]: local
[2018-09-07 09:27:50.097] [info] [os]: win32
[2018-09-07 09:27:50.095] [info] [clientPath]: C:\Users\detroitpro\.akroma
[2018-09-07 09:27:50.104] [info] [appPath]: C:\Users\detroitpro\projects\akroma-wallet-desktop
[2018-09-07 09:27:50.098] [info] [arch]: x64
[2018-09-07 09:27:50.098] [info] [homedir]: C:\Users\detroitpro
[2018-09-07 09:27:50.117] [debug] [Downloading Akroma client...]
[2018-09-07 09:27:50.106] [info] [userData]: C:\Users\detroitpro\AppData\Roaming\akroma
[2018-09-07 09:27:50.107] [info] [locale]: en-US
[2018-09-07 09:35:35.525] [info] [settings]: {"clientPath":"C:\\Users\\detroitpro\\.akroma","syncMode":"fast","transactionSource":"local","_id":"system","_rev":"18-03555e02f85143e692a2ec2b8dea202c"}
[2018-09-07 09:35:35.527] [info] [clientPath]: C:\Users\detroitpro\.akroma
[2018-09-07 09:35:35.528] [info] [clientBin]: geth.exe
[2018-09-07 09:35:35.529] [info] [transactionSource]: local
[2018-09-07 09:35:35.530] [info] [os]: win32
[2018-09-07 09:35:35.530] [info] [arch]: x64
[2018-09-07 09:35:35.531] [info] [homedir]: C:\Users\detroitpro
[2018-09-07 09:35:35.537] [info] [appPath]: C:\Users\detroitpro\projects\akroma-wallet-desktop
[2018-09-07 09:35:35.538] [info] [userData]: C:\Users\detroitpro\AppData\Roaming\akroma
[2018-09-07 09:35:35.540] [info] [locale]: en-US
[2018-09-07 09:35:35.546] [debug] [Downloading Akroma client...]
[2018-09-07 09:42:57.143] [info] [settings]: {"clientPath":"C:\\Users\\detroitpro\\.akroma","syncMode":"fast","transactionSource":"local","_id":"system","_rev":"18-03555e02f85143e692a2ec2b8dea202c"}
[2018-09-07 09:42:57.147] [info] [clientBin]: geth.exe
[2018-09-07 09:42:57.148] [info] [transactionSource]: local
[2018-09-07 09:42:57.146] [info] [clientPath]: C:\Users\detroitpro\.akroma
[2018-09-07 09:42:57.151] [info] [homedir]: C:\Users\detroitpro
[2018-09-07 09:42:57.149] [info] [os]: win32
[2018-09-07 09:42:57.157] [info] [appPath]: C:\Users\detroitpro\projects\akroma-wallet-desktop
[2018-09-07 09:42:57.150] [info] [arch]: x64
[2018-09-07 09:42:57.163] [info] [locale]: en-US
[2018-09-07 09:42:57.172] [debug] [Downloading Akroma client...]
[2018-09-07 09:42:57.160] [info] [userData]: C:\Users\detroitpro\AppData\Roaming\akroma
[2018-09-07 10:49:06.483] [info] [settings]: {"clientPath":"C:\\Users\\detroitpro\\.akroma","syncMode":"fast","transactionSource":"local","_id":"system","_rev":"18-03555e02f85143e692a2ec2b8dea202c"}
[2018-09-07 10:49:06.485] [info] [clientPath]: C:\Users\detroitpro\.akroma
[2018-09-07 10:49:06.488] [info] [os]: win32
[2018-09-07 10:49:06.489] [info] [arch]: x64
[2018-09-07 10:49:06.490] [info] [homedir]: C:\Users\detroitpro
[2018-09-07 10:49:06.498] [info] [userData]: C:\Users\detroitpro\AppData\Roaming\akroma
[2018-09-07 10:49:06.496] [info] [appPath]: C:\Users\detroitpro\projects\akroma-wallet-desktop
[2018-09-07 10:49:06.500] [info] [locale]: en-US
[2018-09-07 10:49:06.507] [debug] [Downloading Akroma client...]
[2018-09-07 10:49:06.486] [info] [clientBin]: geth.exe
[2018-09-07 10:49:06.487] [info] [transactionSource]: local
[2018-09-07 10:49:49.481] [info] [settings]: {"clientPath":"C:\\Users\\detroitpro\\.akroma","syncMode":"fast","transactionSource":"remote","_id":"system","_rev":"19-baf0218f0ecd4be484e94376193bdbd5"}
[2018-09-07 10:49:49.492] [info] [clientPath]: C:\Users\detroitpro\.akroma
[2018-09-07 10:49:49.494] [info] [transactionSource]: remote
[2018-09-07 10:49:49.493] [info] [clientBin]: geth.exe
[2018-09-07 10:49:49.496] [info] [os]: win32
[2018-09-07 10:49:49.506] [info] [appPath]: C:\Users\detroitpro\projects\akroma-wallet-desktop
[2018-09-07 10:49:49.509] [info] [userData]: C:\Users\detroitpro\AppData\Roaming\akroma
[2018-09-07 10:49:49.511] [info] [locale]: en-US
[2018-09-07 10:49:49.520] [debug] [Downloading Akroma client...]
[2018-09-07 10:49:49.497] [info] [arch]: x64
[2018-09-07 10:49:49.499] [info] [homedir]: C:\Users\detroitpro
[2018-09-07 12:42:47.491] [info] [settings]: {"clientPath":"C:\\Users\\detroitpro\\.akroma","syncMode":"fast","transactionSource":"local","_id":"system","_rev":"20-e7c38925658c4c9ab406f61bd60fff15"}
[2018-09-07 12:42:47.495] [info] [clientPath]: C:\Users\detroitpro\.akroma
[2018-09-07 12:42:47.497] [info] [clientBin]: geth.exe
[2018-09-07 12:42:47.499] [info] [transactionSource]: local
[2018-09-07 12:42:47.502] [info] [homedir]: C:\Users\detroitpro
[2018-09-07 12:42:47.500] [info] [os]: win32
[2018-09-07 12:42:47.508] [info] [appPath]: C:\Users\detroitpro\projects\akroma-wallet-desktop
[2018-09-07 12:42:47.511] [info] [userData]: C:\Users\detroitpro\AppData\Roaming\akroma
[2018-09-07 12:42:47.520] [debug] [Downloading Akroma client...]
[2018-09-07 12:42:47.501] [info] [arch]: x64
[2018-09-07 12:42:47.514] [info] [locale]: en-US
[2018-09-07 12:43:30.392] [info] [settings]: {"clientPath":"C:\\Users\\detroitpro\\.akroma","syncMode":"fast","transactionSource":"local","_id":"system","_rev":"20-e7c38925658c4c9ab406f61bd60fff15"}
[2018-09-07 12:43:30.395] [info] [clientPath]: C:\Users\detroitpro\.akroma
[2018-09-07 12:43:30.397] [info] [clientBin]: geth.exe
[2018-09-07 12:43:30.399] [info] [os]: win32
[2018-09-07 12:43:30.397] [info] [transactionSource]: local
[2018-09-07 12:43:30.400] [info] [homedir]: C:\Users\detroitpro
[2018-09-07 12:43:30.407] [info] [userData]: C:\Users\detroitpro\AppData\Roaming\akroma
[2018-09-07 12:43:30.405] [info] [appPath]: C:\Users\detroitpro\projects\akroma-wallet-desktop
[2018-09-07 12:43:30.399] [info] [arch]: x64
[2018-09-07 12:43:30.416] [debug] [Downloading Akroma client...]
[2018-09-07 12:43:30.409] [info] [locale]: en-US
